<?xml version="1.0" encoding="utf-8"?><testsuites name="pytest tests"><testsuite name="pytest" errors="0" failures="1" skipped="0" tests="8" time="5.084" timestamp="2026-07-20T11:40:53.272084+00:00" hostname="agent-env-b0b1c486-a310-4321-877e-5f653e700291"><testcase classname="backend.tests.test_auth.TestAuthFlow" name="test_register_success" time="0.440" /><testcase classname="backend.tests.test_auth.TestAuthFlow" name="test_register_duplicate" time="0.437" /><testcase classname="backend.tests.test_auth.TestAuthFlow" name="test_register_short_password" time="0.105" /><testcase classname="backend.tests.test_auth.TestAuthFlow" name="test_login_success_and_wrong_password" time="1.073" /><testcase classname="backend.tests.test_auth.TestAuthFlow" name="test_logout" time="0.507" /><testcase classname="backend.tests.test_auth.TestAuthFlow" name="test_me_unauthenticated" time="0.090" /><testcase classname="backend.tests.test_auth.TestAuthFlow" name="test_bcrypt_hash_format" time="0.224" /><testcase classname="backend.tests.test_auth.TestAuthFlow" name="test_brute_force_lockout" time="2.087"><failure message="AssertionError: Expected lockout 429 in [401, 401, 401, 401, 401, 500]&#10;assert 429 in [401, 401, 401, 401, 401, 500]">backend/tests/test_auth.py:112: in test_brute_force_lockout
    assert 429 in codes, f"Expected lockout 429 in {codes}"
E   AssertionError: Expected lockout 429 in [401, 401, 401, 401, 401, 500]
E   assert 429 in [401, 401, 401, 401, 401, 500]</failure></testcase></testsuite></testsuites>