<?xml version="1.0" encoding="utf-8"?><testsuites name="pytest tests"><testsuite name="pytest" errors="0" failures="0" skipped="0" tests="14" time="3.984" timestamp="2026-07-20T14:00:36.584517+00:00" hostname="agent-env-b0b1c486-a310-4321-877e-5f653e700291"><testcase classname="backend.tests.test_iteration_3.TestCheckout" name="test_stale_pickup_date_rejected_422" time="0.248" /><testcase classname="backend.tests.test_iteration_3.TestCheckout" name="test_invalid_payload_422" time="0.136" /><testcase classname="backend.tests.test_iteration_3.TestCheckout" name="test_valid_payload_reaches_square_returns_402" time="0.001" /><testcase classname="backend.tests.test_iteration_3.TestAdminAuth" name="test_wrong_passcode_401" time="0.130" /><testcase classname="backend.tests.test_iteration_3.TestAdminAuth" name="test_correct_passcode_sets_cookie" time="0.154" /><testcase classname="backend.tests.test_iteration_3.TestAdminAuth" name="test_me_after_login" time="0.224" /><testcase classname="backend.tests.test_iteration_3.TestAdminAuth" name="test_logout" time="0.323" /><testcase classname="backend.tests.test_iteration_3.TestAdminAuth" name="test_admin_api_no_auth_401" time="0.167" /><testcase classname="backend.tests.test_iteration_3.TestAdminAuth" name="test_admin_orders_no_auth_401" time="0.205" /><testcase classname="backend.tests.test_iteration_3.TestAdminAuth" name="test_admin_page_redirects_to_login" time="0.107" /><testcase classname="backend.tests.test_iteration_3.TestAdminAuth" name="test_rate_limit_after_5_failures" time="0.947" /><testcase classname="backend.tests.test_iteration_3.TestAdminEndpoints" name="test_orders_returns_structured_error" time="0.441" /><testcase classname="backend.tests.test_iteration_3.TestAdminEndpoints" name="test_customers_returns_structured_error" time="0.387" /><testcase classname="backend.tests.test_iteration_3.TestCustomerAuthRegression" name="test_register_login_flow" time="0.396" /></testsuite></testsuites>