<?xml version="1.0" encoding="utf-8"?><testsuites name="pytest tests"><testsuite name="pytest" errors="0" failures="0" skipped="0" tests="8" time="1.305" timestamp="2026-07-20T10:52:50.894717+00:00" hostname="agent-env-b0b1c486-a310-4321-877e-5f653e700291"><testcase classname="backend.tests.test_checkout_api" name="test_public_pages_return_200[/]" time="0.206" /><testcase classname="backend.tests.test_checkout_api" name="test_public_pages_return_200[/menu]" time="0.127" /><testcase classname="backend.tests.test_checkout_api" name="test_public_pages_return_200[/specials]" time="0.100" /><testcase classname="backend.tests.test_checkout_api" name="test_public_pages_return_200[/learn-more]" time="0.096" /><testcase classname="backend.tests.test_checkout_api" name="test_public_pages_return_200[/checkout]" time="0.106" /><testcase classname="backend.tests.test_checkout_api" name="test_checkout_reaches_backend_empty_body" time="0.102" /><testcase classname="backend.tests.test_checkout_api" name="test_checkout_invalid_item_id" time="0.132" /><testcase classname="backend.tests.test_checkout_api" name="test_checkout_valid_shape_reaches_square" time="0.357" /></testsuite></testsuites>